<?xml version="1.0" encoding="UTF-8"?>
<!-- Generated by org.testng.reporters.JUnitReportReporter -->
<testsuite hostname="sureshsir-PC" name="testRunners.OrangehrmTestRunner" tests="1" failures="0" timestamp="3 Aug 2019 07:09:39 GMT" time="56.057" errors="0">
  <testcase name="feature" time="56.057" classname="testRunners.OrangehrmTestRunner"/>
</testsuite> <!-- testRunners.OrangehrmTestRunner -->
